<?xml version="1.0" encoding="UTF-8"?>
<testsuite xmlns:xsi="http://www.w3.org/2001/XMLSchema-instance" xsi:noNamespaceSchemaLocation="https://maven.apache.org/surefire/maven-surefire-plugin/xsd/surefire-test-report.xsd" version="3.0.2" name="com.warisango.WarisangoApplicationTests" time="9.309" tests="1" errors="0" skipped="0" failures="0" flakes="0">
  <properties>
[...]
</properties>
  <testcase name="contextLoads" classname="com.warisango.WarisangoApplicationTests" time="0.057">
    <system-out><![CDATA[01:50:49.318 [main] INFO org.springframework.boot.test.context.SpringBootTestContextBootstrapper -- Found @SpringBootConfiguration com.warisango.WarisangoApplication for test class com.warisango.WarisangoApplicationTests
01:50:49.565 [main] INFO org.springframework.boot.test.context.SpringBootTestContextBootstrapper -- Found @SpringBootConfiguration com.warisango.WarisangoApplication for test class com.warisango.WarisangoApplicationTests

  .   ____          _            __ _ _
 /\\ / ___'_ __ _ _(_)_ __  __ _ \ \ \ \
( ( )\___ | '_ | '_| | '_ \/ _` | \ \ \ \
 \\/  ___)| |_)| | | | | || (_| |  ) ) ) )
  '  |____| .__|_| |_|_| |_\__, | / / / /
 =========|_|==============|___/=/_/_/_/

 :: Spring Boot ::                (v4.1.0)

2026-08-27T01:50:50.268+08:00  INFO 12952 --- [warisango] [           main] c.warisango.WarisangoApplicationTests    : Starting WarisangoApplicationTests using Java 21.0.7 with PID 12952 (started by Ong Hao Howard in D:\CD_WarisanGo)
2026-08-27T01:50:50.276+08:00  INFO 12952 --- [warisango] [           main] c.warisango.WarisangoApplicationTests    : No active profile set, falling back to 1 default profile: "default"
2026-08-27T01:50:55.378+08:00  WARN 12952 --- [warisango] [           main] .s.a.UserDetailsServiceAutoConfiguration : 

Using generated security password: 62ca91e4-31ee-4a35-90b7-e62daf857fcd

This generated password is for development use only. Your security configuration must be updated before running your application in production.

2026-08-27T01:50:55.403+08:00  INFO 12952 --- [warisango] [           main] r$InitializeUserDetailsManagerConfigurer : Global AuthenticationManager configured with UserDetailsService bean with name inMemoryUserDetailsManager
2026-08-27T01:50:57.357+08:00  INFO 12952 --- [warisango] [           main] o.s.b.a.e.web.EndpointLinksResolver      : Exposing 1 endpoint beneath base path '/actuator'
2026-08-27T01:50:57.592+08:00  INFO 12952 --- [warisango] [           main] c.warisango.WarisangoApplicationTests    : Started WarisangoApplicationTests in 7.891 seconds (process running for 12.479)
]]></system-out>
  </testcase>
</testsuite>